This file contains any messages produced by compilers while
running configure, to aid debugging if configure makes a mistake.

It was created by jasper configure 1.701.0, which was
generated by GNU Autoconf 2.57.  Invocation command line was

  $ ./configure 

## --------- ##
## Platform. ##
## --------- ##

hostname = Dev-UBUNTU1604
uname -m = x86_64
uname -r = 4.13.0-38-generic
uname -s = Linux
uname -v = #43~16.04.1-Ubuntu SMP Wed Mar 14 17:48:43 UTC 2018

/usr/bin/uname -p = unknown
/bin/uname -X     = unknown

/bin/arch              = unknown
/usr/bin/arch -k       = unknown
/usr/convex/getsysinfo = unknown
hostinfo               = unknown
/bin/machine           = unknown
/usr/bin/oslevel       = unknown
/bin/universe          = unknown

PATH: /home/saber/bin
PATH: /home/saber/.local/bin
PATH: /usr/local/sbin
PATH: /usr/local/bin
PATH: /usr/sbin
PATH: /usr/bin
PATH: /sbin
PATH: /bin
PATH: /usr/games
PATH: /usr/local/games
PATH: /snap/bin
PATH: /usr/lib/jvm/java-8-oracle/bin
PATH: /usr/lib/jvm/java-8-oracle/db/bin
PATH: /usr/lib/jvm/java-8-oracle/jre/bin
PATH: /home/saber/llvm/4.0.1/bin
PATH: /home/saber/llvm/4.0.1/bin


## ----------- ##
## Core tests. ##
## ----------- ##

configure:1498: checking build system type
configure:1516: result: x86_64-unknown-linux-gnu
configure:1524: checking host system type
configure:1538: result: x86_64-unknown-linux-gnu
configure:1546: checking target system type
configure:1560: result: x86_64-unknown-linux-gnu
configure:1589: checking for a BSD-compatible install
configure:1643: result: /usr/bin/install -c
configure:1654: checking whether build environment is sane
configure:1697: result: yes
configure:1730: checking for gawk
configure:1759: result: no
configure:1730: checking for mawk
configure:1746: found /usr/bin/mawk
configure:1756: result: mawk
configure:1766: checking whether make sets $(MAKE)
configure:1786: result: yes
configure:1995: checking for gawk
configure:2021: result: mawk
configure:2079: checking for gcc
configure:2105: result: clang
configure:2349: checking for C compiler version
configure:2352: clang --version </dev/null >&5
clang version 4.0.1 (tags/RELEASE_401/final)
Target: x86_64-unknown-linux-gnu
Thread model: posix
InstalledDir: /home/saber/llvm/4.0.1/bin
configure:2355: $? = 0
configure:2357: clang -v </dev/null >&5
clang version 4.0.1 (tags/RELEASE_401/final)
Target: x86_64-unknown-linux-gnu
Thread model: posix
InstalledDir: /home/saber/llvm/4.0.1/bin
Found candidate GCC installation: /usr/lib/gcc/x86_64-linux-gnu/5
Found candidate GCC installation: /usr/lib/gcc/x86_64-linux-gnu/5.4.0
Found candidate GCC installation: /usr/lib/gcc/x86_64-linux-gnu/6
Found candidate GCC installation: /usr/lib/gcc/x86_64-linux-gnu/6.0.0
Selected GCC installation: /usr/lib/gcc/x86_64-linux-gnu/5.4.0
Candidate multilib: .;@m64
Selected multilib: .;@m64
configure:2360: $? = 0
configure:2362: clang -V </dev/null >&5
clang-4.0: error: argument to '-V' is missing (expected 1 value)
clang-4.0: error: no input files
configure:2365: $? = 1
configure:2389: checking for C compiler default output
configure:2393: clang -S -emit-llvm conftest    conftest.c  >&5
clang-4.0: error: no such file or directory: 'conftest'
configure:2396: $? = 1
configure: failed program was:
| #line 2368 "configure"
| /* confdefs.h.  */
| 
| #define PACKAGE_NAME "jasper"
| #define PACKAGE_TARNAME "jasper"
| #define PACKAGE_VERSION "1.701.0"
| #define PACKAGE_STRING "jasper 1.701.0"
| #define PACKAGE_BUGREPORT ""
| #define PACKAGE "jasper"
| #define VERSION "1.701.0"
| #define JAS_VERSION "1.701.0"
| #define JAS_CONFIGURE 1
| /* end confdefs.h.  */
| 
| int
| main ()
| {
| 
|   ;
|   return 0;
| }
configure:2436: error: C compiler cannot create executables
See `config.log' for more details.

## ---------------- ##
## Cache variables. ##
## ---------------- ##

ac_cv_build=x86_64-unknown-linux-gnu
ac_cv_build_alias=x86_64-unknown-linux-gnu
ac_cv_env_CC_set=set
ac_cv_env_CC_value=clang
ac_cv_env_CFLAGS_set=set
ac_cv_env_CFLAGS_value=
ac_cv_env_CPPFLAGS_set=
ac_cv_env_CPPFLAGS_value=
ac_cv_env_CPP_set=
ac_cv_env_CPP_value=
ac_cv_env_LDFLAGS_set=set
ac_cv_env_LDFLAGS_value=
ac_cv_env_build_alias_set=
ac_cv_env_build_alias_value=
ac_cv_env_host_alias_set=
ac_cv_env_host_alias_value=
ac_cv_env_target_alias_set=
ac_cv_env_target_alias_value=
ac_cv_host=x86_64-unknown-linux-gnu
ac_cv_host_alias=x86_64-unknown-linux-gnu
ac_cv_path_install='/usr/bin/install -c'
ac_cv_prog_AWK=mawk
ac_cv_prog_ac_ct_CC=clang
ac_cv_prog_make_make_set=yes
ac_cv_target=x86_64-unknown-linux-gnu
ac_cv_target_alias=x86_64-unknown-linux-gnu

## ----------------- ##
## Output variables. ##
## ----------------- ##

ACLOCAL='${SHELL} /home/saber/GitHub/DemandDrivenDefUseAnalysis/experiments/JEPG-2000/jasper-1.701.0/acaux/missing --run aclocal-1.6'
AMDEPBACKSLASH=''
AMDEP_FALSE=''
AMDEP_TRUE=''
AMTAR='${SHELL} /home/saber/GitHub/DemandDrivenDefUseAnalysis/experiments/JEPG-2000/jasper-1.701.0/acaux/missing --run tar'
AUTOCONF='${SHELL} /home/saber/GitHub/DemandDrivenDefUseAnalysis/experiments/JEPG-2000/jasper-1.701.0/acaux/missing --run autoconf'
AUTOHEADER='${SHELL} /home/saber/GitHub/DemandDrivenDefUseAnalysis/experiments/JEPG-2000/jasper-1.701.0/acaux/missing --run autoheader'
AUTOMAKE='${SHELL} /home/saber/GitHub/DemandDrivenDefUseAnalysis/experiments/JEPG-2000/jasper-1.701.0/acaux/missing --run automake-1.6'
AWK='mawk'
CC='clang'
CCDEPMODE=''
CFLAGS=''
CPP=''
CPPFLAGS=''
DEFS=''
DEPDIR=''
ECHO='echo'
ECHO_C=''
ECHO_N='-n'
ECHO_T=''
EGREP=''
EXEEXT=''
HAVE_LIBJPEG_FALSE=''
HAVE_LIBJPEG_TRUE=''
HAVE_OPENGL_FALSE=''
HAVE_OPENGL_TRUE=''
INSTALL_DATA='${INSTALL} -m 644'
INSTALL_PROGRAM='${INSTALL}'
INSTALL_SCRIPT='${INSTALL}'
INSTALL_STRIP_PROGRAM='${SHELL} $(install_sh) -c -s'
JAS_MAJOR_VERSION='1'
JAS_MICRO_VERSION='0'
JAS_MINOR_VERSION='701'
JAS_RPM_RELEASE='1'
JAS_VERSION='1.701.0'
LDFLAGS=''
LIBOBJS=''
LIBS=''
LIBTOOL=''
LN_S=''
LTLIBOBJS=''
LT_AGE='0'
LT_CURRENT='1'
LT_RELEASE='1.701'
LT_REVISION='0'
MAKEINFO='${SHELL} /home/saber/GitHub/DemandDrivenDefUseAnalysis/experiments/JEPG-2000/jasper-1.701.0/acaux/missing --run makeinfo'
OBJEXT=''
OPENGL_LIBS=''
PACKAGE='jasper'
PACKAGE_BUGREPORT=''
PACKAGE_NAME='jasper'
PACKAGE_STRING='jasper 1.701.0'
PACKAGE_TARNAME='jasper'
PACKAGE_VERSION='1.701.0'
PATH_SEPARATOR=':'
RANLIB='llvm-ranlib'
SET_MAKE=''
SHELL='/bin/bash'
STRIP=''
VERSION='1.701.0'
X_CFLAGS=''
X_EXTRA_LIBS=''
X_LIBS=''
X_PRE_LIBS=''
ac_ct_CC='clang'
ac_ct_RANLIB=''
ac_ct_STRIP=''
am__include=''
am__quote=''
bindir='${exec_prefix}/bin'
build='x86_64-unknown-linux-gnu'
build_alias=''
build_cpu='x86_64'
build_os='linux-gnu'
build_vendor='unknown'
datadir='${prefix}/share'
exec_prefix='NONE'
host='x86_64-unknown-linux-gnu'
host_alias=''
host_cpu='x86_64'
host_os='linux-gnu'
host_vendor='unknown'
includedir='${prefix}/include'
infodir='${prefix}/info'
install_sh='/home/saber/GitHub/DemandDrivenDefUseAnalysis/experiments/JEPG-2000/jasper-1.701.0/acaux/install-sh'
libdir='${exec_prefix}/lib'
libexecdir='${exec_prefix}/libexec'
localstatedir='${prefix}/var'
mandir='${prefix}/man'
oldincludedir='/usr/include'
prefix='NONE'
program_transform_name='s,x,x,'
sbindir='${exec_prefix}/sbin'
sharedstatedir='${prefix}/com'
sysconfdir='${prefix}/etc'
target='x86_64-unknown-linux-gnu'
target_alias=''
target_cpu='x86_64'
target_os='linux-gnu'
target_vendor='unknown'

## ----------- ##
## confdefs.h. ##
## ----------- ##

#define JAS_CONFIGURE 1
#define JAS_VERSION "1.701.0"
#define PACKAGE "jasper"
#define PACKAGE_BUGREPORT ""
#define PACKAGE_NAME "jasper"
#define PACKAGE_STRING "jasper 1.701.0"
#define PACKAGE_TARNAME "jasper"
#define PACKAGE_VERSION "1.701.0"
#define VERSION "1.701.0"

configure: exit 77
